<?xml version="1.0" encoding="UTF-8"?>
<!-- Generated by org.testng.reporters.JUnitXMLReporter -->
<testsuite ignored="0" hostname="DESKTOP-G9JI0S1" failures="0" tests="6" name="Default test" time="17.447" errors="0" timestamp="2025-02-07T05:32:43 IST">
  <testcase classname="testngTesting.BookingSite" name="ahotelBooking" time="0.56"/>
  <testcase classname="testngTesting.BookingSite" name="bhotelBooking" time="0.564"/>
  <testcase classname="testngTesting.BookingSite" name="chotelBooking" time="0.613"/>
  <testcase classname="testngTesting.BookingSite" name="dhotelBooking" time="0.535"/>
  <testcase classname="testngTesting.BookingSite" name="ehotelBooking" time="0.514"/>
  <testcase classname="testngTesting.BookingSite" name="fhotelBooking" time="0.547"/>
</testsuite> <!-- Default test -->
