<?xml version="1.0" encoding="UTF-8"?>
<testng-results ignored="0" total="6" passed="6" failed="0" skipped="0">
  <reporter-output>
  </reporter-output>
  <suite started-at="2025-02-07T05:32:25 IST" name="Default suite" finished-at="2025-02-07T05:32:43 IST" duration-ms="17447">
    <groups>
    </groups>
    <test started-at="2025-02-07T05:32:25 IST" name="Default test" finished-at="2025-02-07T05:32:43 IST" duration-ms="17447">
      <class name="testngTesting.BookingSite">
        <test-method is-config="true" signature="setUp()[pri:0, instance:testngTesting.BookingSite@52102734]" started-at="2025-02-07T05:32:25 IST" name="setUp" finished-at="2025-02-07T05:32:28 IST" duration-ms="2808" status="PASS">
          <reporter-output>
          </reporter-output>
        </test-method> <!-- setUp -->
        <test-method signature="ahotelBooking()[pri:0, instance:testngTesting.BookingSite@52102734]" started-at="2025-02-07T05:32:28 IST" name="ahotelBooking" finished-at="2025-02-07T05:32:29 IST" duration-ms="560" status="PASS">
          <reporter-output>
          </reporter-output>
        </test-method> <!-- ahotelBooking -->
        <test-method is-config="true" signature="tearDown()[pri:0, instance:testngTesting.BookingSite@52102734]" started-at="2025-02-07T05:32:29 IST" name="tearDown" finished-at="2025-02-07T05:32:29 IST" duration-ms="208" status="PASS">
          <reporter-output>
          </reporter-output>
        </test-method> <!-- tearDown -->
        <test-method is-config="true" signature="setUp()[pri:0, instance:testngTesting.BookingSite@52102734]" started-at="2025-02-07T05:32:29 IST" name="setUp" finished-at="2025-02-07T05:32:31 IST" duration-ms="2105" status="PASS">
          <reporter-output>
          </reporter-output>
        </test-method> <!-- setUp -->
        <test-method signature="bhotelBooking()[pri:0, instance:testngTesting.BookingSite@52102734]" started-at="2025-02-07T05:32:31 IST" name="bhotelBooking" finished-at="2025-02-07T05:32:32 IST" duration-ms="564" status="PASS">
          <reporter-output>
          </reporter-output>
        </test-method> <!-- bhotelBooking -->
        <test-method is-config="true" signature="tearDown()[pri:0, instance:testngTesting.BookingSite@52102734]" started-at="2025-02-07T05:32:32 IST" name="tearDown" finished-at="2025-02-07T05:32:32 IST" duration-ms="180" status="PASS">
          <reporter-output>
          </reporter-output>
        </test-method> <!-- tearDown -->
        <test-method is-config="true" signature="setUp()[pri:0, instance:testngTesting.BookingSite@52102734]" started-at="2025-02-07T05:32:32 IST" name="setUp" finished-at="2025-02-07T05:32:34 IST" duration-ms="2071" status="PASS">
          <reporter-output>
          </reporter-output>
        </test-method> <!-- setUp -->
        <test-method signature="chotelBooking()[pri:0, instance:testngTesting.BookingSite@52102734]" started-at="2025-02-07T05:32:34 IST" name="chotelBooking" finished-at="2025-02-07T05:32:35 IST" duration-ms="613" status="PASS">
          <reporter-output>
          </reporter-output>
        </test-method> <!-- chotelBooking -->
        <test-method is-config="true" signature="tearDown()[pri:0, instance:testngTesting.BookingSite@52102734]" started-at="2025-02-07T05:32:35 IST" name="tearDown" finished-at="2025-02-07T05:32:35 IST" duration-ms="176" status="PASS">
          <reporter-output>
          </reporter-output>
        </test-method> <!-- tearDown -->
        <test-method is-config="true" signature="setUp()[pri:0, instance:testngTesting.BookingSite@52102734]" started-at="2025-02-07T05:32:35 IST" name="setUp" finished-at="2025-02-07T05:32:37 IST" duration-ms="1915" status="PASS">
          <reporter-output>
          </reporter-output>
        </test-method> <!-- setUp -->
        <test-method signature="dhotelBooking()[pri:0, instance:testngTesting.BookingSite@52102734]" started-at="2025-02-07T05:32:37 IST" name="dhotelBooking" finished-at="2025-02-07T05:32:37 IST" duration-ms="535" status="PASS">
          <reporter-output>
          </reporter-output>
        </test-method> <!-- dhotelBooking -->
        <test-method is-config="true" signature="tearDown()[pri:0, instance:testngTesting.BookingSite@52102734]" started-at="2025-02-07T05:32:37 IST" name="tearDown" finished-at="2025-02-07T05:32:37 IST" duration-ms="181" status="PASS">
          <reporter-output>
          </reporter-output>
        </test-method> <!-- tearDown -->
        <test-method is-config="true" signature="setUp()[pri:0, instance:testngTesting.BookingSite@52102734]" started-at="2025-02-07T05:32:37 IST" name="setUp" finished-at="2025-02-07T05:32:39 IST" duration-ms="2040" status="PASS">
          <reporter-output>
          </reporter-output>
        </test-method> <!-- setUp -->
        <test-method signature="ehotelBooking()[pri:0, instance:testngTesting.BookingSite@52102734]" started-at="2025-02-07T05:32:39 IST" name="ehotelBooking" finished-at="2025-02-07T05:32:40 IST" duration-ms="514" status="PASS">
          <reporter-output>
          </reporter-output>
        </test-method> <!-- ehotelBooking -->
        <test-method is-config="true" signature="tearDown()[pri:0, instance:testngTesting.BookingSite@52102734]" started-at="2025-02-07T05:32:40 IST" name="tearDown" finished-at="2025-02-07T05:32:40 IST" duration-ms="194" status="PASS">
          <reporter-output>
          </reporter-output>
        </test-method> <!-- tearDown -->
        <test-method is-config="true" signature="setUp()[pri:0, instance:testngTesting.BookingSite@52102734]" started-at="2025-02-07T05:32:40 IST" name="setUp" finished-at="2025-02-07T05:32:42 IST" duration-ms="1954" status="PASS">
          <reporter-output>
          </reporter-output>
        </test-method> <!-- setUp -->
        <test-method signature="fhotelBooking()[pri:0, instance:testngTesting.BookingSite@52102734]" started-at="2025-02-07T05:32:42 IST" name="fhotelBooking" finished-at="2025-02-07T05:32:43 IST" duration-ms="547" status="PASS">
          <reporter-output>
          </reporter-output>
        </test-method> <!-- fhotelBooking -->
        <test-method is-config="true" signature="tearDown()[pri:0, instance:testngTesting.BookingSite@52102734]" started-at="2025-02-07T05:32:43 IST" name="tearDown" finished-at="2025-02-07T05:32:43 IST" duration-ms="203" status="PASS">
          <reporter-output>
          </reporter-output>
        </test-method> <!-- tearDown -->
      </class> <!-- testngTesting.BookingSite -->
    </test> <!-- Default test -->
  </suite> <!-- Default suite -->
</testng-results>
